Start testing: Mar 31 11:27 SE Asia Standard Time
----------------------------------------------------------
Test not available without configuration.  (Missing "-C <config>"?)
1/20 Testing: args-test
1/20 Test: args-test
Command: "NOT_AVAILABLE"
Directory: C:/Users/Phoom/Desktop/homework/KMITL/OOP/PRACTICAL/23.03.31/lifetime_v2/build/fmt-9.1.0/build/test
"args-test" start time: 
Output:
----------------------------------------------------------
<end of output>
Test time =   0.00 sec
----------------------------------------------------------
Test Passed.
"args-test" end time: Mar 31 11:27 SE Asia Standard Time
"args-test" time elapsed: 00:00:00
----------------------------------------------------------

Test not available without configuration.  (Missing "-C <config>"?)
2/20 Testing: assert-test
2/20 Test: assert-test
Command: "NOT_AVAILABLE"
Directory: C:/Users/Phoom/Desktop/homework/KMITL/OOP/PRACTICAL/23.03.31/lifetime_v2/build/fmt-9.1.0/build/test
"assert-test" start time: 
Output:
----------------------------------------------------------
<end of output>
Test time =   0.00 sec
----------------------------------------------------------
Test Passed.
"assert-test" end time: Mar 31 11:27 SE Asia Standard Time
"assert-test" time elapsed: 00:00:00
----------------------------------------------------------

Test not available without configuration.  (Missing "-C <config>"?)
3/20 Testing: chrono-test
3/20 Test: chrono-test
Command: "NOT_AVAILABLE"
Directory: C:/Users/Phoom/Desktop/homework/KMITL/OOP/PRACTICAL/23.03.31/lifetime_v2/build/fmt-9.1.0/build/test
"chrono-test" start time: 
Output:
----------------------------------------------------------
<end of output>
Test time =   0.00 sec
----------------------------------------------------------
Test Passed.
"chrono-test" end time: Mar 31 11:27 SE Asia Standard Time
"chrono-test" time elapsed: 00:00:00
----------------------------------------------------------

Test not available without configuration.  (Missing "-C <config>"?)
4/20 Testing: color-test
4/20 Test: color-test
Command: "NOT_AVAILABLE"
Directory: C:/Users/Phoom/Desktop/homework/KMITL/OOP/PRACTICAL/23.03.31/lifetime_v2/build/fmt-9.1.0/build/test
"color-test" start time: 
Output:
----------------------------------------------------------
<end of output>
Test time =   0.00 sec
----------------------------------------------------------
Test Passed.
"color-test" end time: Mar 31 11:27 SE Asia Standard Time
"color-test" time elapsed: 00:00:00
----------------------------------------------------------

Test not available without configuration.  (Missing "-C <config>"?)
5/20 Testing: core-test
5/20 Test: core-test
Command: "NOT_AVAILABLE"
Directory: C:/Users/Phoom/Desktop/homework/KMITL/OOP/PRACTICAL/23.03.31/lifetime_v2/build/fmt-9.1.0/build/test
"core-test" start time: 
Output:
----------------------------------------------------------
<end of output>
Test time =   0.00 sec
----------------------------------------------------------
Test Passed.
"core-test" end time: Mar 31 11:27 SE Asia Standard Time
"core-test" time elapsed: 00:00:00
----------------------------------------------------------

Test not available without configuration.  (Missing "-C <config>"?)
6/20 Testing: gtest-extra-test
6/20 Test: gtest-extra-test
Command: "NOT_AVAILABLE"
Directory: C:/Users/Phoom/Desktop/homework/KMITL/OOP/PRACTICAL/23.03.31/lifetime_v2/build/fmt-9.1.0/build/test
"gtest-extra-test" start time: 
Output:
----------------------------------------------------------
<end of output>
Test time =   0.00 sec
----------------------------------------------------------
Test Passed.
"gtest-extra-test" end time: Mar 31 11:27 SE Asia Standard Time
"gtest-extra-test" time elapsed: 00:00:00
----------------------------------------------------------

Test not available without configuration.  (Missing "-C <config>"?)
7/20 Testing: format-test
7/20 Test: format-test
Command: "NOT_AVAILABLE"
Directory: C:/Users/Phoom/Desktop/homework/KMITL/OOP/PRACTICAL/23.03.31/lifetime_v2/build/fmt-9.1.0/build/test
"format-test" start time: 
Output:
----------------------------------------------------------
<end of output>
Test time =   0.00 sec
----------------------------------------------------------
Test Passed.
"format-test" end time: Mar 31 11:27 SE Asia Standard Time
"format-test" time elapsed: 00:00:00
----------------------------------------------------------

Test not available without configuration.  (Missing "-C <config>"?)
8/20 Testing: format-impl-test
8/20 Test: format-impl-test
Command: "NOT_AVAILABLE"
Directory: C:/Users/Phoom/Desktop/homework/KMITL/OOP/PRACTICAL/23.03.31/lifetime_v2/build/fmt-9.1.0/build/test
"format-impl-test" start time: 
Output:
----------------------------------------------------------
<end of output>
Test time =   0.00 sec
----------------------------------------------------------
Test Passed.
"format-impl-test" end time: Mar 31 11:27 SE Asia Standard Time
"format-impl-test" time elapsed: 00:00:00
----------------------------------------------------------

Test not available without configuration.  (Missing "-C <config>"?)
9/20 Testing: ostream-test
9/20 Test: ostream-test
Command: "NOT_AVAILABLE"
Directory: C:/Users/Phoom/Desktop/homework/KMITL/OOP/PRACTICAL/23.03.31/lifetime_v2/build/fmt-9.1.0/build/test
"ostream-test" start time: 
Output:
----------------------------------------------------------
<end of output>
Test time =   0.00 sec
----------------------------------------------------------
Test Passed.
"ostream-test" end time: Mar 31 11:27 SE Asia Standard Time
"ostream-test" time elapsed: 00:00:00
----------------------------------------------------------

Test not available without configuration.  (Missing "-C <config>"?)
10/20 Testing: compile-test
10/20 Test: compile-test
Command: "NOT_AVAILABLE"
Directory: C:/Users/Phoom/Desktop/homework/KMITL/OOP/PRACTICAL/23.03.31/lifetime_v2/build/fmt-9.1.0/build/test
"compile-test" start time: 
Output:
----------------------------------------------------------
<end of output>
Test time =   0.00 sec
----------------------------------------------------------
Test Passed.
"compile-test" end time: Mar 31 11:27 SE Asia Standard Time
"compile-test" time elapsed: 00:00:00
----------------------------------------------------------

Test not available without configuration.  (Missing "-C <config>"?)
11/20 Testing: compile-fp-test
11/20 Test: compile-fp-test
Command: "NOT_AVAILABLE"
Directory: C:/Users/Phoom/Desktop/homework/KMITL/OOP/PRACTICAL/23.03.31/lifetime_v2/build/fmt-9.1.0/build/test
"compile-fp-test" start time: 
Output:
----------------------------------------------------------
<end of output>
Test time =   0.00 sec
----------------------------------------------------------
Test Passed.
"compile-fp-test" end time: Mar 31 11:27 SE Asia Standard Time
"compile-fp-test" time elapsed: 00:00:00
----------------------------------------------------------

Test not available without configuration.  (Missing "-C <config>"?)
12/20 Testing: printf-test
12/20 Test: printf-test
Command: "NOT_AVAILABLE"
Directory: C:/Users/Phoom/Desktop/homework/KMITL/OOP/PRACTICAL/23.03.31/lifetime_v2/build/fmt-9.1.0/build/test
"printf-test" start time: 
Output:
----------------------------------------------------------
<end of output>
Test time =   0.00 sec
----------------------------------------------------------
Test Passed.
"printf-test" end time: Mar 31 11:27 SE Asia Standard Time
"printf-test" time elapsed: 00:00:00
----------------------------------------------------------

Test not available without configuration.  (Missing "-C <config>"?)
13/20 Testing: ranges-test
13/20 Test: ranges-test
Command: "NOT_AVAILABLE"
Directory: C:/Users/Phoom/Desktop/homework/KMITL/OOP/PRACTICAL/23.03.31/lifetime_v2/build/fmt-9.1.0/build/test
"ranges-test" start time: 
Output:
----------------------------------------------------------
<end of output>
Test time =   0.00 sec
----------------------------------------------------------
Test Passed.
"ranges-test" end time: Mar 31 11:27 SE Asia Standard Time
"ranges-test" time elapsed: 00:00:00
----------------------------------------------------------

Test not available without configuration.  (Missing "-C <config>"?)
14/20 Testing: scan-test
14/20 Test: scan-test
Command: "NOT_AVAILABLE"
Directory: C:/Users/Phoom/Desktop/homework/KMITL/OOP/PRACTICAL/23.03.31/lifetime_v2/build/fmt-9.1.0/build/test
"scan-test" start time: 
Output:
----------------------------------------------------------
<end of output>
Test time =   0.00 sec
----------------------------------------------------------
Test Passed.
"scan-test" end time: Mar 31 11:27 SE Asia Standard Time
"scan-test" time elapsed: 00:00:00
----------------------------------------------------------

Test not available without configuration.  (Missing "-C <config>"?)
15/20 Testing: std-test
15/20 Test: std-test
Command: "NOT_AVAILABLE"
Directory: C:/Users/Phoom/Desktop/homework/KMITL/OOP/PRACTICAL/23.03.31/lifetime_v2/build/fmt-9.1.0/build/test
"std-test" start time: 
Output:
----------------------------------------------------------
<end of output>
Test time =   0.00 sec
----------------------------------------------------------
Test Passed.
"std-test" end time: Mar 31 11:27 SE Asia Standard Time
"std-test" time elapsed: 00:00:00
----------------------------------------------------------

Test not available without configuration.  (Missing "-C <config>"?)
16/20 Testing: unicode-test
16/20 Test: unicode-test
Command: "NOT_AVAILABLE"
Directory: C:/Users/Phoom/Desktop/homework/KMITL/OOP/PRACTICAL/23.03.31/lifetime_v2/build/fmt-9.1.0/build/test
"unicode-test" start time: 
Output:
----------------------------------------------------------
<end of output>
Test time =   0.00 sec
----------------------------------------------------------
Test Passed.
"unicode-test" end time: Mar 31 11:27 SE Asia Standard Time
"unicode-test" time elapsed: 00:00:00
----------------------------------------------------------

Test not available without configuration.  (Missing "-C <config>"?)
17/20 Testing: xchar-test
17/20 Test: xchar-test
Command: "NOT_AVAILABLE"
Directory: C:/Users/Phoom/Desktop/homework/KMITL/OOP/PRACTICAL/23.03.31/lifetime_v2/build/fmt-9.1.0/build/test
"xchar-test" start time: 
Output:
----------------------------------------------------------
<end of output>
Test time =   0.00 sec
----------------------------------------------------------
Test Passed.
"xchar-test" end time: Mar 31 11:27 SE Asia Standard Time
"xchar-test" time elapsed: 00:00:00
----------------------------------------------------------

Test not available without configuration.  (Missing "-C <config>"?)
18/20 Testing: enforce-checks-test
18/20 Test: enforce-checks-test
Command: "NOT_AVAILABLE"
Directory: C:/Users/Phoom/Desktop/homework/KMITL/OOP/PRACTICAL/23.03.31/lifetime_v2/build/fmt-9.1.0/build/test
"enforce-checks-test" start time: 
Output:
----------------------------------------------------------
<end of output>
Test time =   0.00 sec
----------------------------------------------------------
Test Passed.
"enforce-checks-test" end time: Mar 31 11:27 SE Asia Standard Time
"enforce-checks-test" time elapsed: 00:00:00
----------------------------------------------------------

Test not available without configuration.  (Missing "-C <config>"?)
19/20 Testing: posix-mock-test
19/20 Test: posix-mock-test
Command: "NOT_AVAILABLE"
Directory: C:/Users/Phoom/Desktop/homework/KMITL/OOP/PRACTICAL/23.03.31/lifetime_v2/build/fmt-9.1.0/build/test
"posix-mock-test" start time: 
Output:
----------------------------------------------------------
<end of output>
Test time =   0.00 sec
----------------------------------------------------------
Test Passed.
"posix-mock-test" end time: Mar 31 11:27 SE Asia Standard Time
"posix-mock-test" time elapsed: 00:00:00
----------------------------------------------------------

Test not available without configuration.  (Missing "-C <config>"?)
20/20 Testing: os-test
20/20 Test: os-test
Command: "NOT_AVAILABLE"
Directory: C:/Users/Phoom/Desktop/homework/KMITL/OOP/PRACTICAL/23.03.31/lifetime_v2/build/fmt-9.1.0/build/test
"os-test" start time: 
Output:
----------------------------------------------------------
<end of output>
Test time =   0.00 sec
----------------------------------------------------------
Test Passed.
"os-test" end time: Mar 31 11:27 SE Asia Standard Time
"os-test" time elapsed: 00:00:00
----------------------------------------------------------

End testing: Mar 31 11:27 SE Asia Standard Time
